
**** Build of configuration Debug for project heli_project_ence361_group13 ****

"C:\\ti\\ccsv7\\utils\\bin\\gmake" -k -j 8 all -O 
 
'Building file: "../buttonInput.c"'
'Invoking: ARM Compiler'
"C:/ti/ccsv7/tools/compiler/ti-cgt-arm_16.9.6.LTS/bin/armcl" -mv7M4 --code_state=16 --float_support=FPv4SPD16 -me --include_path="C:/Users/annab/OneDrive/Documents/GitHub/thu_pm_group-13/heli_project_ence361_group13" --include_path="C:/Users/annab/OneDrive/Documents/GitHub/thu_pm_group-13/heli_project_ence361_group13" --include_path="C:/ti/TivaWare_C_Series-2.1.4.178" --include_path="C:/ti/ccsv7/tools/compiler/ti-cgt-arm_16.9.6.LTS/include" --define=ccs="ccs" --define=PART_TM4C123GH6PM -g --gcc --diag_warning=225 --diag_wrap=off --display_error_number --abi=eabi --preproc_with_compile --preproc_dependency="buttonInput.d_raw"  "../buttonInput.c"

>> Compilation failure
subdir_rules.mk:23: recipe for target 'buttonInput.obj' failed
"..\buttonInput.h", line 18: error #131: expected a "{"
"../buttonInput.c", line 40: warning #12-D: parsing restarts here after previous syntax error
"../buttonInput.c", line 97: error #20: identifier "selectPushes" is undefined
"..\control.h", line 23: error #237: variable "currentStatus" was declared with a never-completed type
3 errors detected in the compilation of "../buttonInput.c".
gmake: *** [buttonInput.obj] Error 1
'Building file: "../control.c"'
'Invoking: ARM Compiler'
"C:/ti/ccsv7/tools/compiler/ti-cgt-arm_16.9.6.LTS/bin/armcl" -mv7M4 --code_state=16 --float_support=FPv4SPD16 -me --include_path="C:/Users/annab/OneDrive/Documents/GitHub/thu_pm_group-13/heli_project_ence361_group13" --include_path="C:/Users/annab/OneDrive/Documents/GitHub/thu_pm_group-13/heli_project_ence361_group13" --include_path="C:/ti/TivaWare_C_Series-2.1.4.178" --include_path="C:/ti/ccsv7/tools/compiler/ti-cgt-arm_16.9.6.LTS/include" --define=ccs="ccs" --define=PART_TM4C123GH6PM -g --gcc --diag_warning=225 --diag_wrap=off --display_error_number --abi=eabi --preproc_with_compile --preproc_dependency="control.d_raw"  "../control.c"

>> Compilation failure
subdir_rules.mk:44: recipe for target 'control.obj' failed
"..\pwmGen.h", line 18: error #131: expected a "{"
"../control.c", line 73: warning #12-D: parsing restarts here after previous syntax error
"../control.c", line 74: error #20: identifier "TURNING_TO_REFERENCE" is undefined
"../control.c", line 75: error #20: identifier "LANDING" is undefined
"../control.c", line 76: error #20: identifier "LANDED" is undefined
"../control.c", line 77: error #20: identifier "FLYING" is undefined
"../control.c", line 78: error #20: identifier "TAKING_OFF" is undefined
"../control.c", line 79: error #20: identifier "FINISHED_SORTIE" is undefined
"../control.c", line 80: error #66: expected a ";"
"../control.c", line 82: error #71: incomplete type is not allowed
"../control.c", line 109: error #20: identifier "integratedErrorAltitude" is undefined
"../control.c", line 113: error #20: identifier "integratedErrorYaw" is undefined
"../control.c", line 129: error #20: identifier "errorPreviousAltitude" is undefined
"../control.c", line 134: error #20: identifier "errorPreviousYaw" is undefined
"../control.c", line 151: error #20: identifier "currentTimer" is undefined
"../control.c", line 153: error #20: identifier "prevTimer" is undefined
"../control.c", line 169: warning #225-D: function "setPWM" declared implicitly
"../control.c", line 174: warning #225-D: function "UARTSend" declared implicitly
"../control.c", line 247: error #20: identifier "currentTimer" is undefined
"../control.c", line 249: error #20: identifier "prevTimer" is undefined
"../control.c", line 261: warning #225-D: function "setPWMTail" declared implicitly
"../control.c", line 265: warning #225-D: function "UARTSend" declared implicitly
"../control.c", line 277: error #20: identifier "TAKING_OFF" is undefined
"../control.c", line 277: error #20: identifier "FINISHED_SORTIE" is undefined
"../control.c", line 280: error #20: identifier "FLYING" is undefined
"../control.c", line 282: error #20: identifier "LANDING" is undefined
"../control.c", line 285: error #20: identifier "LANDED" is undefined
"../control.c", line 294: error #20: identifier "LANDED" is undefined
"../control.c", line 297: error #20: identifier "FLYING" is undefined
"../control.c", line 305: error #20: identifier "LANDED" is undefined
"../control.c", line 308: error #20: identifier "FLYING" is undefined
"../control.c", line 319: error #249: function "sortie" has already been defined
"../control.c", line 323: warning #225-D: function "setPWMTail" declared implicitly
"../control.c", line 327: warning #225-D: function "setPWMTail" declared implicitly
"../control.c", line 328: error #20: identifier "status" is undefined
"../control.c", line 328: error #20: identifier "FINISHED_SORTIE" is undefined
29 errors detected in the compilation of "../control.c".
gmake: *** [control.obj] Error 1
'Building file: "../display.c"'
'Invoking: ARM Compiler'
"C:/ti/ccsv7/tools/compiler/ti-cgt-arm_16.9.6.LTS/bin/armcl" -mv7M4 --code_state=16 --float_support=FPv4SPD16 -me --include_path="C:/Users/annab/OneDrive/Documents/GitHub/thu_pm_group-13/heli_project_ence361_group13" --include_path="C:/Users/annab/OneDrive/Documents/GitHub/thu_pm_group-13/heli_project_ence361_group13" --include_path="C:/ti/TivaWare_C_Series-2.1.4.178" --include_path="C:/ti/ccsv7/tools/compiler/ti-cgt-arm_16.9.6.LTS/include" --define=ccs="ccs" --define=PART_TM4C123GH6PM -g --gcc --diag_warning=225 --diag_wrap=off --display_error_number --abi=eabi --preproc_with_compile --preproc_dependency="display.d_raw"  "../display.c"

>> Compilation failure
subdir_rules.mk:51: recipe for target 'display.obj' failed
"../display.c", line 35: error #131: expected a "{"
"../display.c", line 63: error #20: identifier "flying" is undefined
"../display.c", line 68: error #20: identifier "landing" is undefined
"../display.c", line 73: error #20: identifier "takingoff" is undefined
"../display.c", line 78: error #20: identifier "landed" is undefined
"..\control.h", line 23: error #237: variable "currentStatus" was declared with a never-completed type
6 errors detected in the compilation of "../display.c".
gmake: *** [display.obj] Error 1
'Building file: "../kernel.c"'
'Invoking: ARM Compiler'
"C:/ti/ccsv7/tools/compiler/ti-cgt-arm_16.9.6.LTS/bin/armcl" -mv7M4 --code_state=16 --float_support=FPv4SPD16 -me --include_path="C:/Users/annab/OneDrive/Documents/GitHub/thu_pm_group-13/heli_project_ence361_group13" --include_path="C:/Users/annab/OneDrive/Documents/GitHub/thu_pm_group-13/heli_project_ence361_group13" --include_path="C:/ti/TivaWare_C_Series-2.1.4.178" --include_path="C:/ti/ccsv7/tools/compiler/ti-cgt-arm_16.9.6.LTS/include" --define=ccs="ccs" --define=PART_TM4C123GH6PM -g --gcc --diag_warning=225 --diag_wrap=off --display_error_number --abi=eabi --preproc_with_compile --preproc_dependency="kernel.d_raw"  "../kernel.c"

>> Compilation failure
subdir_rules.mk:58: recipe for target 'kernel.obj' failed
"..\buttonInput.h", line 18: error #131: expected a "{"
"../kernel.c", line 43: warning #12-D: parsing restarts here after previous syntax error
"../kernel.c", line 45: error #20: identifier "clockCycle" is undefined
"../kernel.c", line 60: warning #225-D: function "checkForAltitudeInput" declared implicitly
"../kernel.c", line 61: warning #225-D: function "checkForYawInput" declared implicitly
"../kernel.c", line 62: warning #225-D: function "checkForModeInput" declared implicitly
"../kernel.c", line 66: error #20: identifier "landed" is undefined
"../kernel.c", line 69: warning #225-D: function "setPWM" declared implicitly
"../kernel.c", line 70: warning #225-D: function "setPWMTail" declared implicitly
"../kernel.c", line 82: error #20: identifier "LANDING" is undefined
"../kernel.c", line 82: error #906: expression must be a pointer to a complete object type
"../kernel.c", line 82: error #20: identifier "TAKING_OFF" is undefined
"../kernel.c", line 82: error #906: expression must be a pointer to a complete object type
"../kernel.c", line 96: error #20: identifier "clockCycle" is undefined
"../kernel.c", line 99: error #20: identifier "LANDING" is undefined
"../kernel.c", line 99: error #906: expression must be a pointer to a complete object type
"../kernel.c", line 100: error #20: identifier "LANDED" is undefined
"../kernel.c", line 100: error #906: expression must be a pointer to a complete object type
"../kernel.c", line 101: error #20: identifier "TAKING_OFF" is undefined
"../kernel.c", line 101: error #906: expression must be a pointer to a complete object type
"../kernel.c", line 102: error #20: identifier "FLYING" is undefined
"../kernel.c", line 102: error #906: expression must be a pointer to a complete object type
"../kernel.c", line 103: error #20: identifier "TURNING_TO_REFERENCE" is undefined
"../kernel.c", line 103: error #906: expression must be a pointer to a complete object type
"../kernel.c", line 104: warning #225-D: function "initClock" declared implicitly
"../kernel.c", line 105: warning #225-D: function "initADC" declared implicitly
"../kernel.c", line 112: warning #225-D: function "initPWM" declared implicitly
"../kernel.c", line 113: warning #225-D: function "initialiseUSB_UART" declared implicitly
"..\control.h", line 23: error #237: variable "currentStatus" was declared with a never-completed type
19 errors detected in the compilation of "../kernel.c".
gmake: *** [kernel.obj] Error 1
gmake: Target 'all' not remade because of errors.

**** Build Finished ****
